[    3744ms] [ERROR] Failed to load resource: the server responded with a status of 500 (Internal Server Error) @ http://localhost:3000/chat:0
[    4098ms] Error: Module not found: Can't resolve 'class-variance-authority'
  1 | import * as React from "react"
  2 | import { Slot } from "@radix-ui/react-slot"
> 3 | import { cva, type VariantProps } from "class-variance-authority"
    | ^
  4 |
  5 | import { cn } from "@/lib/utils"
  6 |

https://nextjs.org/docs/messages/module-not-found

Import trace for requested module:
./src/components/ui/theme-toggle.tsx
./src/components/layout/NavRail.tsx
./src/components/layout/AppShellChrome.tsx
    at <unknown> (https://nextjs.org/docs/messages/module-not-found)
    at getNotFoundError (file:///home/enzo/rag-saldivia/node_modules/.bun/next@15.5.14+bf16f8eded5e12ee/node_modules/next/dist/build/webpack/plugins/wellknown-errors-plugin/parseNotFoundError.js:140:16)
    at process.processTicksAndRejections (node:internal/process/task_queues:105:5)
    at async getModuleBuildError (file:///home/enzo/rag-saldivia/node_modules/.bun/next@15.5.14+bf16f8eded5e12ee/node_modules/next/dist/build/webpack/plugins/wellknown-errors-plugin/webpackModuleError.js:103:27)
    at async (file:///home/enzo/rag-saldivia/node_modules/.bun/next@15.5.14+bf16f8eded5e12ee/node_modules/next/dist/build/webpack/plugins/wellknown-errors-plugin/index.js:29:49)
    at async (file:///home/enzo/rag-saldivia/node_modules/.bun/next@15.5.14+bf16f8eded5e12ee/node_modules/next/dist/build/webpack/plugins/wellknown-errors-plugin/index.js:27:21)
[    4095ms] [ERROR] ./src/components/ui/button.tsx:3:1
Module not found: Can't resolve 'class-variance-authority'
  1 | import * as React from "react"
  2 | import { Slot } from "@radix-ui/react-slot"
> 3 | import { cva, type VariantProps } from "class-variance-authority"
    | ^
  4 |
  5 | import { cn } from "@/lib/utils"
  6 |

https://nextjs.org/docs/messages/module-not-found

Import trace for requested module:
./src/components/ui/theme-toggle.tsx
./src/components/layout/NavRail.tsx
./src/components/layout/AppShellChrome.tsx @ webpack-internal:///(pages-dir-browser)/../../node_modules/.bun/next@15.5.14+bf16f8eded5e12ee/node_modules/next/dist/next-devtools/userspace/pages/pages-dev-overlay-setup.js:76
[    4098ms] [ERROR] ./src/components/ui/button.tsx:3:1
Module not found: Can't resolve 'class-variance-authority'
  1 | import * as React from "react"
  2 | import { Slot } from "@radix-ui/react-slot"
> 3 | import { cva, type VariantProps } from "class-variance-authority"
    | ^
  4 |
  5 | import { cn } from "@/lib/utils"
  6 |

https://nextjs.org/docs/messages/module-not-found

Import trace for requested module:
./src/components/ui/theme-toggle.tsx
./src/components/layout/NavRail.tsx
./src/components/layout/AppShellChrome.tsx @ webpack-internal:///(pages-dir-browser)/../../node_modules/.bun/next@15.5.14+bf16f8eded5e12ee/node_modules/next/dist/next-devtools/userspace/pages/pages-dev-overlay-setup.js:76
[    4103ms] [ERROR] Failed to load resource: the server responded with a status of 404 (Not Found) @ http://localhost:3000/favicon.ico:0
[   12269ms] [ERROR] ./src/components/ui/button.tsx:3:1
Module not found: Can't resolve 'class-variance-authority'
  1 | import * as React from "react"
  2 | import { Slot } from "@radix-ui/react-slot"
> 3 | import { cva, type VariantProps } from "class-variance-authority"
    | ^
  4 |
  5 | import { cn } from "@/lib/utils"
  6 |

https://nextjs.org/docs/messages/module-not-found

Import trace for requested module:
./src/components/ui/theme-toggle.tsx
./src/components/layout/NavRail.tsx
./src/components/layout/AppShellChrome.tsx @ webpack-internal:///(pages-dir-browser)/../../node_modules/.bun/next@15.5.14+bf16f8eded5e12ee/node_modules/next/dist/next-devtools/userspace/pages/pages-dev-overlay-setup.js:76
[   12518ms] [ERROR] Failed to load resource: the server responded with a status of 404 (Not Found) @ http://localhost:3000/_next/static/webpack/81807e75e66ae196.webpack.hot-update.json:0
[   12519ms] [WARNING] [Fast Refresh] performing full reload because your application had an unrecoverable error @ webpack-internal:///(pages-dir-browser)/../../node_modules/.bun/next@15.5.14+bf16f8eded5e12ee/node_modules/next/dist/client/dev/hot-reloader/pages/hot-reloader-pages.js:347
