[  137203ms] ReferenceError: AnimatedBackground is not defined
    at LoginPage (webpack-internal:///(app-pages-browser)/./src/app/(auth)/login/page.tsx:60:89)
    at Object.react_stack_bottom_frame (webpack-internal:///(app-pages-browser)/../../node_modules/.bun/next@15.5.14+bf16f8eded5e12ee/node_modules/next/dist/compiled/react-dom/cjs/react-dom-client.development.js:23584:20)
    at renderWithHooks (webpack-internal:///(app-pages-browser)/../../node_modules/.bun/next@15.5.14+bf16f8eded5e12ee/node_modules/next/dist/compiled/react-dom/cjs/react-dom-client.development.js:6793:22)
    at updateFunctionComponent (webpack-internal:///(app-pages-browser)/../../node_modules/.bun/next@15.5.14+bf16f8eded5e12ee/node_modules/next/dist/compiled/react-dom/cjs/react-dom-client.development.js:9247:19)
    at beginWork (webpack-internal:///(app-pages-browser)/../../node_modules/.bun/next@15.5.14+bf16f8eded5e12ee/node_modules/next/dist/compiled/react-dom/cjs/react-dom-client.development.js:10858:18)
    at runWithFiberInDEV (webpack-internal:///(app-pages-browser)/../../node_modules/.bun/next@15.5.14+bf16f8eded5e12ee/node_modules/next/dist/compiled/react-dom/cjs/react-dom-client.development.js:872:30)
    at performUnitOfWork (webpack-internal:///(app-pages-browser)/../../node_modules/.bun/next@15.5.14+bf16f8eded5e12ee/node_modules/next/dist/compiled/react-dom/cjs/react-dom-client.development.js:15727:22)
    at workLoopSync (webpack-internal:///(app-pages-browser)/../../node_modules/.bun/next@15.5.14+bf16f8eded5e12ee/node_modules/next/dist/compiled/react-dom/cjs/react-dom-client.development.js:15547:41)
    at renderRootSync (webpack-internal:///(app-pages-browser)/../../node_modules/.bun/next@15.5.14+bf16f8eded5e12ee/node_modules/next/dist/compiled/react-dom/cjs/react-dom-client.development.js:15527:11)
    at performWorkOnRoot (webpack-internal:///(app-pages-browser)/../../node_modules/.bun/next@15.5.14+bf16f8eded5e12ee/node_modules/next/dist/compiled/react-dom/cjs/react-dom-client.development.js:15034:44)
    at performSyncWorkOnRoot (webpack-internal:///(app-pages-browser)/../../node_modules/.bun/next@15.5.14+bf16f8eded5e12ee/node_modules/next/dist/compiled/react-dom/cjs/react-dom-client.development.js:16831:7)
    at flushSyncWorkAcrossRoots_impl (webpack-internal:///(app-pages-browser)/../../node_modules/.bun/next@15.5.14+bf16f8eded5e12ee/node_modules/next/dist/compiled/react-dom/cjs/react-dom-client.development.js:16677:21)
    at flushSyncWork$1 (webpack-internal:///(app-pages-browser)/../../node_modules/.bun/next@15.5.14+bf16f8eded5e12ee/node_modules/next/dist/compiled/react-dom/cjs/react-dom-client.development.js:15297:12)
    at Object.scheduleRefresh (webpack-internal:///(app-pages-browser)/../../node_modules/.bun/next@15.5.14+bf16f8eded5e12ee/node_modules/next/dist/compiled/react-dom/cjs/react-dom-client.development.js:114:9)
    at eval (webpack-internal:///(app-pages-browser)/../../node_modules/.bun/next@15.5.14+bf16f8eded5e12ee/node_modules/next/dist/compiled/react-refresh/cjs/react-refresh-runtime.development.js:265:17)
    at Set.forEach (<anonymous>)
    at Object.performReactRefresh (webpack-internal:///(app-pages-browser)/../../node_modules/.bun/next@15.5.14+bf16f8eded5e12ee/node_modules/next/dist/compiled/react-refresh/cjs/react-refresh-runtime.development.js:254:26)
    at applyUpdate (webpack-internal:///(app-pages-browser)/../../node_modules/.bun/next@15.5.14+bf16f8eded5e12ee/node_modules/next/dist/compiled/@next/react-refresh-utils/dist/internal/helpers.js:139:31)
    at statusHandler (webpack-internal:///(app-pages-browser)/../../node_modules/.bun/next@15.5.14+bf16f8eded5e12ee/node_modules/next/dist/compiled/@next/react-refresh-utils/dist/internal/helpers.js:156:13)
    at setStatus (http://localhost:3000/_next/static/chunks/webpack.js?v=1774500101613:498:55)
    at http://localhost:3000/_next/static/chunks/webpack.js?v=1774500101613:667:21
[  137205ms] [WARNING] [Fast Refresh] performing full reload because your application had an unrecoverable error @ webpack-internal:///(app-pages-browser)/../../node_modules/.bun/next@15.5.14+bf16f8eded5e12ee/node_modules/next/dist/client/dev/hot-reloader/app/hot-reloader-app.js:113
[  138992ms] [ERROR] Failed to load resource: the server responded with a status of 500 (Internal Server Error) @ http://localhost:3000/login:0
[  139589ms] ReferenceError: AnimatedBackground is not defined
    at LoginPage (webpack-internal:///(app-pages-browser)/./src/app/(auth)/login/page.tsx:60:89)
    at Object.react_stack_bottom_frame (webpack-internal:///(app-pages-browser)/../../node_modules/.bun/next@15.5.14+bf16f8eded5e12ee/node_modules/next/dist/compiled/react-dom/cjs/react-dom-client.development.js:23584:20)
    at renderWithHooks (webpack-internal:///(app-pages-browser)/../../node_modules/.bun/next@15.5.14+bf16f8eded5e12ee/node_modules/next/dist/compiled/react-dom/cjs/react-dom-client.development.js:6793:22)
    at updateFunctionComponent (webpack-internal:///(app-pages-browser)/../../node_modules/.bun/next@15.5.14+bf16f8eded5e12ee/node_modules/next/dist/compiled/react-dom/cjs/react-dom-client.development.js:9247:19)
    at beginWork (webpack-internal:///(app-pages-browser)/../../node_modules/.bun/next@15.5.14+bf16f8eded5e12ee/node_modules/next/dist/compiled/react-dom/cjs/react-dom-client.development.js:10858:18)
    at runWithFiberInDEV (webpack-internal:///(app-pages-browser)/../../node_modules/.bun/next@15.5.14+bf16f8eded5e12ee/node_modules/next/dist/compiled/react-dom/cjs/react-dom-client.development.js:872:30)
    at performUnitOfWork (webpack-internal:///(app-pages-browser)/../../node_modules/.bun/next@15.5.14+bf16f8eded5e12ee/node_modules/next/dist/compiled/react-dom/cjs/react-dom-client.development.js:15727:22)
    at workLoopSync (webpack-internal:///(app-pages-browser)/../../node_modules/.bun/next@15.5.14+bf16f8eded5e12ee/node_modules/next/dist/compiled/react-dom/cjs/react-dom-client.development.js:15547:41)
    at renderRootSync (webpack-internal:///(app-pages-browser)/../../node_modules/.bun/next@15.5.14+bf16f8eded5e12ee/node_modules/next/dist/compiled/react-dom/cjs/react-dom-client.development.js:15527:11)
    at performWorkOnRoot (webpack-internal:///(app-pages-browser)/../../node_modules/.bun/next@15.5.14+bf16f8eded5e12ee/node_modules/next/dist/compiled/react-dom/cjs/react-dom-client.development.js:15034:44)
    at performWorkOnRootViaSchedulerTask (webpack-internal:///(app-pages-browser)/../../node_modules/.bun/next@15.5.14+bf16f8eded5e12ee/node_modules/next/dist/compiled/react-dom/cjs/react-dom-client.development.js:16816:7)
    at MessagePort.performWorkUntilDeadline (webpack-internal:///(app-pages-browser)/../../node_modules/.bun/next@15.5.14+bf16f8eded5e12ee/node_modules/next/dist/compiled/scheduler/cjs/scheduler.development.js:45:48)
[  142707ms] [ERROR] ./src/app/(auth)/login/page.tsx
Error:   x Expression expected
     ,-[/home/enzo/rag-saldivia/apps/web/src/app/(auth)/login/page.tsx:138:1]
 135 |           </div>
 136 |         </div>
 137 |       </div>
 138 |     </>
     :       ^
 139 |   )
 140 | }
     `----
  x Expression expected
     ,-[/home/enzo/rag-saldivia/apps/web/src/app/(auth)/login/page.tsx:139:1]
 136 |         </div>
 137 |       </div>
 138 |     </>
 139 |   )
     :   ^
 140 | }
 141 | 
 142 | function SSOButtons() {
     `----

Caused by:
    Syntax Error

Import trace for requested module:
./src/app/(auth)/login/page.tsx @ webpack-internal:///(app-pages-browser)/../../node_modules/.bun/next@15.5.14+bf16f8eded5e12ee/node_modules/next/dist/next-devtools/userspace/app/errors/intercept-console-error.js:56
[  142949ms] [ERROR] ./src/app/(auth)/login/page.tsx
Error:   x Expression expected
     ,-[/home/enzo/rag-saldivia/apps/web/src/app/(auth)/login/page.tsx:138:1]
 135 |           </div>
 136 |         </div>
 137 |       </div>
 138 |     </>
     :       ^
 139 |   )
 140 | }
     `----
  x Expression expected
     ,-[/home/enzo/rag-saldivia/apps/web/src/app/(auth)/login/page.tsx:139:1]
 136 |         </div>
 137 |       </div>
 138 |     </>
 139 |   )
     :   ^
 140 | }
 141 | 
 142 | function SSOButtons() {
     `----

Caused by:
    Syntax Error

Import trace for requested module:
./src/app/(auth)/login/page.tsx @ webpack-internal:///(app-pages-browser)/../../node_modules/.bun/next@15.5.14+bf16f8eded5e12ee/node_modules/next/dist/next-devtools/userspace/app/errors/intercept-console-error.js:56
[  146037ms] [WARNING] The resource http://localhost:3000/_next/static/media/e9b443debf0e5df9-s.p.woff2 was preloaded using link preload but not used within a few seconds from the window's load event. Please make sure it has an appropriate `as` value and it is preloaded intentionally. @ http://localhost:3000/login:0
[  146037ms] [WARNING] The resource http://localhost:3000/_next/static/media/26d0ba92e140f0dc-s.p.woff2 was preloaded using link preload but not used within a few seconds from the window's load event. Please make sure it has an appropriate `as` value and it is preloaded intentionally. @ http://localhost:3000/login:0
[  146037ms] [WARNING] The resource http://localhost:3000/_next/static/css/app/layout.css?v=1774500240437 was preloaded using link preload but not used within a few seconds from the window's load event. Please make sure it has an appropriate `as` value and it is preloaded intentionally. @ http://localhost:3000/login:0
[  146457ms] [WARNING] [Fast Refresh] performing full reload because your application had an unrecoverable error @ webpack-internal:///(app-pages-browser)/../../node_modules/.bun/next@15.5.14+bf16f8eded5e12ee/node_modules/next/dist/client/dev/hot-reloader/app/hot-reloader-app.js:113
[  147254ms] [WARNING] [Fast Refresh] performing full reload because your application had an unrecoverable error @ webpack-internal:///(app-pages-browser)/../../node_modules/.bun/next@15.5.14+bf16f8eded5e12ee/node_modules/next/dist/client/dev/hot-reloader/app/hot-reloader-app.js:113
[  148659ms] [ERROR] ./src/app/(auth)/login/page.tsx
Error:   x Expression expected
     ,-[/home/enzo/rag-saldivia/apps/web/src/app/(auth)/login/page.tsx:138:1]
 135 |           </div>
 136 |         </div>
 137 |       </div>
 138 |     </>
     :       ^
 139 |   )
 140 | }
     `----
  x Expression expected
     ,-[/home/enzo/rag-saldivia/apps/web/src/app/(auth)/login/page.tsx:139:1]
 136 |         </div>
 137 |       </div>
 138 |     </>
 139 |   )
     :   ^
 140 | }
 141 | 
 142 | function SSOButtons() {
     `----

Caused by:
    Syntax Error

Import trace for requested module:
./src/app/(auth)/login/page.tsx @ webpack-internal:///(app-pages-browser)/../../node_modules/.bun/next@15.5.14+bf16f8eded5e12ee/node_modules/next/dist/next-devtools/userspace/app/errors/intercept-console-error.js:56
[  148954ms] [ERROR] ./src/app/(auth)/login/page.tsx
Error:   x Expression expected
     ,-[/home/enzo/rag-saldivia/apps/web/src/app/(auth)/login/page.tsx:138:1]
 135 |           </div>
 136 |         </div>
 137 |       </div>
 138 |     </>
     :       ^
 139 |   )
 140 | }
     `----
  x Expression expected
     ,-[/home/enzo/rag-saldivia/apps/web/src/app/(auth)/login/page.tsx:139:1]
 136 |         </div>
 137 |       </div>
 138 |     </>
 139 |   )
     :   ^
 140 | }
 141 | 
 142 | function SSOButtons() {
     `----

Caused by:
    Syntax Error

Import trace for requested module:
./src/app/(auth)/login/page.tsx @ webpack-internal:///(app-pages-browser)/../../node_modules/.bun/next@15.5.14+bf16f8eded5e12ee/node_modules/next/dist/next-devtools/userspace/app/errors/intercept-console-error.js:56
[  149108ms] [ERROR] Failed to load resource: the server responded with a status of 500 (Internal Server Error) @ http://localhost:3000/login:0
[  149532ms] ModuleBuildError: Module build failed (from ../../node_modules/.bun/next@15.5.14+bf16f8eded5e12ee/node_modules/next/dist/build/webpack/loaders/next-swc-loader.js):
Error:   x Expression expected
     ,-[/home/enzo/rag-saldivia/apps/web/src/app/(auth)/login/page.tsx:138:1]
 135 |           </div>
 136 |         </div>
 137 |       </div>
 138 |     </>
     :       ^
 139 |   )
 140 | }
     `----
  x Expression expected
     ,-[/home/enzo/rag-saldivia/apps/web/src/app/(auth)/login/page.tsx:139:1]
 136 |         </div>
 137 |       </div>
 138 |     </>
 139 |   )
     :   ^
 140 | }
 141 | 
 142 | function SSOButtons() {
     `----


Caused by:
    Syntax Error
    at processResult (file:///home/enzo/rag-saldivia/node_modules/.bun/next@15.5.14+bf16f8eded5e12ee/node_modules/next/dist/compiled/webpack/bundle5.js:29:407086)
    at <unknown> (file:///home/enzo/rag-saldivia/node_modules/.bun/next@15.5.14+bf16f8eded5e12ee/node_modules/next/dist/compiled/webpack/bundle5.js:29:408881)
    at <unknown> (file:///home/enzo/rag-saldivia/node_modules/.bun/next@15.5.14+bf16f8eded5e12ee/node_modules/next/dist/compiled/loader-runner/LoaderRunner.js:1:8645)
    at <unknown> (file:///home/enzo/rag-saldivia/node_modules/.bun/next@15.5.14+bf16f8eded5e12ee/node_modules/next/dist/compiled/loader-runner/LoaderRunner.js:1:5019)
    at r.callback (file:///home/enzo/rag-saldivia/node_modules/.bun/next@15.5.14+bf16f8eded5e12ee/node_modules/next/dist/compiled/loader-runner/LoaderRunner.js:1:4039)
[  149533ms] [ERROR] ./src/app/(auth)/login/page.tsx
Error:   x Expression expected
     ,-[/home/enzo/rag-saldivia/apps/web/src/app/(auth)/login/page.tsx:138:1]
 135 |           </div>
 136 |         </div>
 137 |       </div>
 138 |     </>
     :       ^
 139 |   )
 140 | }
     `----
  x Expression expected
     ,-[/home/enzo/rag-saldivia/apps/web/src/app/(auth)/login/page.tsx:139:1]
 136 |         </div>
 137 |       </div>
 138 |     </>
 139 |   )
     :   ^
 140 | }
 141 | 
 142 | function SSOButtons() {
     `----

Caused by:
    Syntax Error @ webpack-internal:///(pages-dir-browser)/../../node_modules/.bun/next@15.5.14+bf16f8eded5e12ee/node_modules/next/dist/next-devtools/userspace/pages/pages-dev-overlay-setup.js:76
[  160548ms] [ERROR] Failed to load resource: the server responded with a status of 404 (Not Found) @ http://localhost:3000/_next/static/webpack/6387d4c2ee2ac16b.webpack.hot-update.json:0
[  160548ms] [WARNING] [Fast Refresh] performing full reload because your application had an unrecoverable error @ webpack-internal:///(pages-dir-browser)/../../node_modules/.bun/next@15.5.14+bf16f8eded5e12ee/node_modules/next/dist/client/dev/hot-reloader/pages/hot-reloader-pages.js:347
[  160782ms] [ERROR] Failed to load resource: the server responded with a status of 404 (Not Found) @ http://localhost:3000/_next/static/webpack/6387d4c2ee2ac16b.webpack.hot-update.json:0
[  160782ms] [WARNING] [Fast Refresh] performing full reload because your application had an unrecoverable error @ webpack-internal:///(pages-dir-browser)/../../node_modules/.bun/next@15.5.14+bf16f8eded5e12ee/node_modules/next/dist/client/dev/hot-reloader/pages/hot-reloader-pages.js:347
[  161101ms] [ERROR] ./src/app/(auth)/login/page.tsx
Error:   x Unterminated regexp literal
     ,-[/home/enzo/rag-saldivia/apps/web/src/app/(auth)/login/page.tsx:137:1]
 134 |           </div>
 135 |         </div>
 136 |       </div>
 137 |     </>
     :      ^^
 138 |   )
 139 | }
     `----

Caused by:
    Syntax Error

Import trace for requested module:
./src/app/(auth)/login/page.tsx @ webpack-internal:///(pages-dir-browser)/../../node_modules/.bun/next@15.5.14+bf16f8eded5e12ee/node_modules/next/dist/next-devtools/userspace/pages/pages-dev-overlay-setup.js:76
[  161126ms] [ERROR] Failed to load resource: the server responded with a status of 404 (Not Found) @ http://localhost:3000/_next/static/webpack/6387d4c2ee2ac16b.webpack.hot-update.json:0
[  161126ms] [WARNING] [Fast Refresh] performing full reload because your application had an unrecoverable error @ webpack-internal:///(pages-dir-browser)/../../node_modules/.bun/next@15.5.14+bf16f8eded5e12ee/node_modules/next/dist/client/dev/hot-reloader/pages/hot-reloader-pages.js:347
[  161262ms] [ERROR] Failed to load resource: the server responded with a status of 404 (Not Found) @ http://localhost:3000/_next/static/webpack/6387d4c2ee2ac16b.webpack.hot-update.json:0
[  161262ms] [WARNING] [Fast Refresh] performing full reload because your application had an unrecoverable error @ webpack-internal:///(pages-dir-browser)/../../node_modules/.bun/next@15.5.14+bf16f8eded5e12ee/node_modules/next/dist/client/dev/hot-reloader/pages/hot-reloader-pages.js:347
[  161513ms] [ERROR] ./src/app/(auth)/login/page.tsx
Error:   x Unterminated regexp literal
     ,-[/home/enzo/rag-saldivia/apps/web/src/app/(auth)/login/page.tsx:137:1]
 134 |           </div>
 135 |         </div>
 136 |       </div>
 137 |     </>
     :      ^^
 138 |   )
 139 | }
     `----

Caused by:
    Syntax Error

Import trace for requested module:
./src/app/(auth)/login/page.tsx @ webpack-internal:///(pages-dir-browser)/../../node_modules/.bun/next@15.5.14+bf16f8eded5e12ee/node_modules/next/dist/next-devtools/userspace/pages/pages-dev-overlay-setup.js:76
[  161644ms] [ERROR] Failed to load resource: the server responded with a status of 500 (Internal Server Error) @ http://localhost:3000/login:0
[  161821ms] ModuleBuildError: Module build failed (from ../../node_modules/.bun/next@15.5.14+bf16f8eded5e12ee/node_modules/next/dist/build/webpack/loaders/next-swc-loader.js):
Error:   x Unterminated regexp literal
     ,-[/home/enzo/rag-saldivia/apps/web/src/app/(auth)/login/page.tsx:137:1]
 134 |           </div>
 135 |         </div>
 136 |       </div>
 137 |     </>
     :      ^^
 138 |   )
 139 | }
     `----


Caused by:
    Syntax Error
    at processResult (file:///home/enzo/rag-saldivia/node_modules/.bun/next@15.5.14+bf16f8eded5e12ee/node_modules/next/dist/compiled/webpack/bundle5.js:29:407086)
    at <unknown> (file:///home/enzo/rag-saldivia/node_modules/.bun/next@15.5.14+bf16f8eded5e12ee/node_modules/next/dist/compiled/webpack/bundle5.js:29:408881)
    at <unknown> (file:///home/enzo/rag-saldivia/node_modules/.bun/next@15.5.14+bf16f8eded5e12ee/node_modules/next/dist/compiled/loader-runner/LoaderRunner.js:1:8645)
    at <unknown> (file:///home/enzo/rag-saldivia/node_modules/.bun/next@15.5.14+bf16f8eded5e12ee/node_modules/next/dist/compiled/loader-runner/LoaderRunner.js:1:5019)
    at r.callback (file:///home/enzo/rag-saldivia/node_modules/.bun/next@15.5.14+bf16f8eded5e12ee/node_modules/next/dist/compiled/loader-runner/LoaderRunner.js:1:4039)
[  161804ms] [ERROR] ./src/app/(auth)/login/page.tsx
Error:   x Unterminated regexp literal
     ,-[/home/enzo/rag-saldivia/apps/web/src/app/(auth)/login/page.tsx:137:1]
 134 |           </div>
 135 |         </div>
 136 |       </div>
 137 |     </>
     :      ^^
 138 |   )
 139 | }
     `----

Caused by:
    Syntax Error @ webpack-internal:///(pages-dir-browser)/../../node_modules/.bun/next@15.5.14+bf16f8eded5e12ee/node_modules/next/dist/next-devtools/userspace/pages/pages-dev-overlay-setup.js:76
[  161808ms] [ERROR] ./src/app/(auth)/login/page.tsx
Error:   x Unterminated regexp literal
     ,-[/home/enzo/rag-saldivia/apps/web/src/app/(auth)/login/page.tsx:137:1]
 134 |           </div>
 135 |         </div>
 136 |       </div>
 137 |     </>
     :      ^^
 138 |   )
 139 | }
     `----

Caused by:
    Syntax Error @ webpack-internal:///(pages-dir-browser)/../../node_modules/.bun/next@15.5.14+bf16f8eded5e12ee/node_modules/next/dist/next-devtools/userspace/pages/pages-dev-overlay-setup.js:76
[  165914ms] [ERROR] Failed to load resource: the server responded with a status of 404 (Not Found) @ http://localhost:3000/_next/static/webpack/6387d4c2ee2ac16b.webpack.hot-update.json:0
[  165915ms] [WARNING] [Fast Refresh] performing full reload because your application had an unrecoverable error @ webpack-internal:///(pages-dir-browser)/../../node_modules/.bun/next@15.5.14+bf16f8eded5e12ee/node_modules/next/dist/client/dev/hot-reloader/pages/hot-reloader-pages.js:347
[  166126ms] [ERROR] Failed to load resource: the server responded with a status of 404 (Not Found) @ http://localhost:3000/_next/static/webpack/6387d4c2ee2ac16b.webpack.hot-update.json:0
[  166127ms] [WARNING] [Fast Refresh] performing full reload because your application had an unrecoverable error @ webpack-internal:///(pages-dir-browser)/../../node_modules/.bun/next@15.5.14+bf16f8eded5e12ee/node_modules/next/dist/client/dev/hot-reloader/pages/hot-reloader-pages.js:347
[  167280ms] [ERROR] Failed to load resource: the server responded with a status of 404 (Not Found) @ http://localhost:3000/_next/static/webpack/6387d4c2ee2ac16b.webpack.hot-update.json:0
[  167280ms] [WARNING] [Fast Refresh] performing full reload because your application had an unrecoverable error @ webpack-internal:///(pages-dir-browser)/../../node_modules/.bun/next@15.5.14+bf16f8eded5e12ee/node_modules/next/dist/client/dev/hot-reloader/pages/hot-reloader-pages.js:347
[  168151ms] [ERROR] Failed to load resource: the server responded with a status of 404 (Not Found) @ http://localhost:3000/_next/static/webpack/6387d4c2ee2ac16b.webpack.hot-update.json:0
[  168152ms] [WARNING] [Fast Refresh] performing full reload because your application had an unrecoverable error @ webpack-internal:///(pages-dir-browser)/../../node_modules/.bun/next@15.5.14+bf16f8eded5e12ee/node_modules/next/dist/client/dev/hot-reloader/pages/hot-reloader-pages.js:347
