[  616638ms] [ERROR] ./src/app/api/admin/db/seed/route.ts:8:1
Module not found: Can't resolve 'bcrypt-ts'
   6 | import { extractClaims } from "@/lib/auth/jwt"
   7 | import { getDb, users, areas, userAreas, areaCollections } from "@rag-saldivia/db"
>  8 | import { hashSync } from "bcrypt-ts"
     | ^
   9 | import { randomUUID } from "crypto"
  10 |
  11 | export async function POST(request: Request) {

https://nextjs.org/docs/messages/module-not-found @ webpack-internal:///(app-pages-browser)/../../node_modules/.bun/next@15.5.14+bf16f8eded5e12ee/node_modules/next/dist/next-devtools/userspace/app/errors/intercept-console-error.js:56
[  617383ms] [ERROR] ./src/app/api/admin/db/seed/route.ts:8:1
Module not found: Can't resolve 'bcrypt-ts'
   6 | import { extractClaims } from "@/lib/auth/jwt"
   7 | import { getDb, users, areas, userAreas, areaCollections } from "@rag-saldivia/db"
>  8 | import { hashSync } from "bcrypt-ts"
     | ^
   9 | import { randomUUID } from "crypto"
  10 |
  11 | export async function POST(request: Request) {

https://nextjs.org/docs/messages/module-not-found @ webpack-internal:///(app-pages-browser)/../../node_modules/.bun/next@15.5.14+bf16f8eded5e12ee/node_modules/next/dist/next-devtools/userspace/app/errors/intercept-console-error.js:56
[  620415ms] [ERROR] ./src/app/api/admin/db/seed/route.ts:8:1
Module not found: Can't resolve 'bcrypt-ts'
   6 | import { extractClaims } from "@/lib/auth/jwt"
   7 | import { getDb, users, areas, userAreas, areaCollections } from "@rag-saldivia/db"
>  8 | import { hashSync } from "bcrypt-ts"
     | ^
   9 | import { randomUUID } from "crypto"
  10 |
  11 | export async function POST(request: Request) {

https://nextjs.org/docs/messages/module-not-found @ webpack-internal:///(app-pages-browser)/../../node_modules/.bun/next@15.5.14+bf16f8eded5e12ee/node_modules/next/dist/next-devtools/userspace/app/errors/intercept-console-error.js:56
[  620782ms] [ERROR] ./src/app/api/admin/db/seed/route.ts:8:1
Module not found: Can't resolve 'bcrypt-ts'
   6 | import { extractClaims } from "@/lib/auth/jwt"
   7 | import { getDb, users, areas, userAreas, areaCollections } from "@rag-saldivia/db"
>  8 | import { hashSync } from "bcrypt-ts"
     | ^
   9 | import { randomUUID } from "crypto"
  10 |
  11 | export async function POST(request: Request) {

https://nextjs.org/docs/messages/module-not-found @ webpack-internal:///(app-pages-browser)/../../node_modules/.bun/next@15.5.14+bf16f8eded5e12ee/node_modules/next/dist/next-devtools/userspace/app/errors/intercept-console-error.js:56
[  620925ms] [ERROR] Failed to load resource: the server responded with a status of 500 (Internal Server Error) @ http://localhost:3000/settings?_rsc=6k74p:0
[  620967ms] [ERROR] Failed to load resource: the server responded with a status of 500 (Internal Server Error) @ http://localhost:3000/settings?_rsc=6k74p:0
[  621018ms] [ERROR] Failed to load resource: the server responded with a status of 500 (Internal Server Error) @ http://localhost:3000/settings:0
[  621656ms] Error: Module not found: Can't resolve 'bcrypt-ts'
   6 | import { extractClaims } from "@/lib/auth/jwt"
   7 | import { getDb, users, areas, userAreas, areaCollections } from "@rag-saldivia/db"
>  8 | import { hashSync } from "bcrypt-ts"
     | ^
   9 | import { randomUUID } from "crypto"
  10 |
  11 | export async function POST(request: Request) {

https://nextjs.org/docs/messages/module-not-found

    at <unknown> (https://nextjs.org/docs/messages/module-not-found)
    at getNotFoundError (file:///home/enzo/rag-saldivia/node_modules/.bun/next@15.5.14+bf16f8eded5e12ee/node_modules/next/dist/build/webpack/plugins/wellknown-errors-plugin/parseNotFoundError.js:140:16)
    at async getModuleBuildError (file:///home/enzo/rag-saldivia/node_modules/.bun/next@15.5.14+bf16f8eded5e12ee/node_modules/next/dist/build/webpack/plugins/wellknown-errors-plugin/webpackModuleError.js:103:27)
    at async (file:///home/enzo/rag-saldivia/node_modules/.bun/next@15.5.14+bf16f8eded5e12ee/node_modules/next/dist/build/webpack/plugins/wellknown-errors-plugin/index.js:29:49)
    at async (file:///home/enzo/rag-saldivia/node_modules/.bun/next@15.5.14+bf16f8eded5e12ee/node_modules/next/dist/build/webpack/plugins/wellknown-errors-plugin/index.js:27:21)
[  621657ms] [ERROR] ./src/app/api/admin/db/seed/route.ts:8:1
Module not found: Can't resolve 'bcrypt-ts'
   6 | import { extractClaims } from "@/lib/auth/jwt"
   7 | import { getDb, users, areas, userAreas, areaCollections } from "@rag-saldivia/db"
>  8 | import { hashSync } from "bcrypt-ts"
     | ^
   9 | import { randomUUID } from "crypto"
  10 |
  11 | export async function POST(request: Request) {

https://nextjs.org/docs/messages/module-not-found @ webpack-internal:///(pages-dir-browser)/../../node_modules/.bun/next@15.5.14+bf16f8eded5e12ee/node_modules/next/dist/next-devtools/userspace/pages/pages-dev-overlay-setup.js:76
[  657230ms] [ERROR] Failed to load resource: the server responded with a status of 404 (Not Found) @ http://localhost:3000/_next/static/webpack/81807e75e66ae196.webpack.hot-update.json:0
[  657230ms] [WARNING] [Fast Refresh] performing full reload because your application had an unrecoverable error @ webpack-internal:///(pages-dir-browser)/../../node_modules/.bun/next@15.5.14+bf16f8eded5e12ee/node_modules/next/dist/client/dev/hot-reloader/pages/hot-reloader-pages.js:347
[  657738ms] [ERROR] ./src/app/api/admin/db/seed/route.ts:8:1
Module not found: Can't resolve 'bcrypt-ts'
   6 | import { extractClaims } from "@/lib/auth/jwt"
   7 | import { getDb, users, areas, userAreas, areaCollections } from "@rag-saldivia/db"
>  8 | import { hashSync } from "bcrypt-ts"
     | ^
   9 | import { randomUUID } from "crypto"
  10 |
  11 | export async function POST(request: Request) {

https://nextjs.org/docs/messages/module-not-found @ webpack-internal:///(pages-dir-browser)/../../node_modules/.bun/next@15.5.14+bf16f8eded5e12ee/node_modules/next/dist/next-devtools/userspace/pages/pages-dev-overlay-setup.js:76
[  658051ms] [ERROR] ./src/app/api/admin/db/seed/route.ts:8:1
Module not found: Can't resolve 'bcrypt-ts'
   6 | import { extractClaims } from "@/lib/auth/jwt"
   7 | import { getDb, users, areas, userAreas, areaCollections } from "@rag-saldivia/db"
>  8 | import { hashSync } from "bcrypt-ts"
     | ^
   9 | import { randomUUID } from "crypto"
  10 |
  11 | export async function POST(request: Request) {

https://nextjs.org/docs/messages/module-not-found @ webpack-internal:///(pages-dir-browser)/../../node_modules/.bun/next@15.5.14+bf16f8eded5e12ee/node_modules/next/dist/next-devtools/userspace/pages/pages-dev-overlay-setup.js:76
[  658078ms] [ERROR] Failed to load resource: the server responded with a status of 500 (Internal Server Error) @ http://localhost:3000/settings:0
[  658240ms] Error: Module not found: Can't resolve 'bcrypt-ts'
   6 | import { extractClaims } from "@/lib/auth/jwt"
   7 | import { getDb, users, areas, userAreas, areaCollections } from "@rag-saldivia/db"
>  8 | import { hashSync } from "bcrypt-ts"
     | ^
   9 | import { randomUUID } from "crypto"
  10 |
  11 | export async function POST(request: Request) {

https://nextjs.org/docs/messages/module-not-found

    at <unknown> (https://nextjs.org/docs/messages/module-not-found)
    at getNotFoundError (file:///home/enzo/rag-saldivia/node_modules/.bun/next@15.5.14+bf16f8eded5e12ee/node_modules/next/dist/build/webpack/plugins/wellknown-errors-plugin/parseNotFoundError.js:140:16)
    at async getModuleBuildError (file:///home/enzo/rag-saldivia/node_modules/.bun/next@15.5.14+bf16f8eded5e12ee/node_modules/next/dist/build/webpack/plugins/wellknown-errors-plugin/webpackModuleError.js:103:27)
    at async (file:///home/enzo/rag-saldivia/node_modules/.bun/next@15.5.14+bf16f8eded5e12ee/node_modules/next/dist/build/webpack/plugins/wellknown-errors-plugin/index.js:29:49)
    at async (file:///home/enzo/rag-saldivia/node_modules/.bun/next@15.5.14+bf16f8eded5e12ee/node_modules/next/dist/build/webpack/plugins/wellknown-errors-plugin/index.js:27:21)
[  658225ms] [ERROR] ./src/app/api/admin/db/seed/route.ts:8:1
Module not found: Can't resolve 'bcrypt-ts'
   6 | import { extractClaims } from "@/lib/auth/jwt"
   7 | import { getDb, users, areas, userAreas, areaCollections } from "@rag-saldivia/db"
>  8 | import { hashSync } from "bcrypt-ts"
     | ^
   9 | import { randomUUID } from "crypto"
  10 |
  11 | export async function POST(request: Request) {

https://nextjs.org/docs/messages/module-not-found @ webpack-internal:///(pages-dir-browser)/../../node_modules/.bun/next@15.5.14+bf16f8eded5e12ee/node_modules/next/dist/next-devtools/userspace/pages/pages-dev-overlay-setup.js:76
[  665950ms] [ERROR] Failed to load resource: the server responded with a status of 404 (Not Found) @ http://localhost:3000/_next/static/webpack/81807e75e66ae196.webpack.hot-update.json:0
[  665950ms] [WARNING] [Fast Refresh] performing full reload because your application had an unrecoverable error @ webpack-internal:///(pages-dir-browser)/../../node_modules/.bun/next@15.5.14+bf16f8eded5e12ee/node_modules/next/dist/client/dev/hot-reloader/pages/hot-reloader-pages.js:347
[  961799ms] [ERROR] ../../packages/logger/src/backend.ts:15:1
Module not found: Can't resolve '@rag-saldivia/db'
  13 |
  14 | import type { EventType, LogLevel, EventSource } from "@rag-saldivia/shared"
> 15 | import { writeEvent } from "@rag-saldivia/db"
     | ^
  16 | import { shouldLog, LEVEL_COLORS, RESET, DIM, BOLD } from "./levels"
  17 | import { getSuggestion } from "./suggestions"
  18 |

https://nextjs.org/docs/messages/module-not-found

Import trace for requested module:
./src/app/actions/areas.ts
../../node_modules/.bun/next@15.5.14+bf16f8eded5e12ee/node_modules/next/dist/build/webpack/loaders/next-flight-action-entry-loader.js?actions=%5B%5B%22%2Fhome%2Fenzo%2Frag-saldivia%2Fapps%2Fweb%2Fsrc%2Fapp%2Factions%2Fareas.ts%22%2C%5B%7B%22id%22%3A%22003764d568b6f223c9f0cfd497bb621495f1018c05%22%2C%22exportedName%22%3A%22actionListAreas%22%2C%22filename%22%3A%22app%2Factions%2Fareas.ts%22%7D%2C%7B%22id%22%3A%2240767391a3b128433fc70c69183419d127d5322d92%22%2C%22exportedName%22%3A%22actionDeleteArea%22%2C%22filename%22%3A%22app%2Factions%2Fareas.ts%22%7D%2C%7B%22id%22%3A%22601d10b1ef11f6f81c502f64555210cfa65afccb29%22%2C%22exportedName%22%3A%22actionUpdateArea%22%2C%22filename%22%3A%22app%2Factions%2Fareas.ts%22%7D%2C%7B%22id%22%3A%22609d036fda62571de9b5266743996de58bb93603a0%22%2C%22exportedName%22%3A%22actionSetAreaCollections%22%2C%22filename%22%3A%22app%2Factions%2Fareas.ts%22%7D%2C%7B%22id%22%3A%2260ac7a1c88f59d3803dc4daf2510eb18b604d5c57f%22%2C%22exportedName%22%3A%22actionCreateArea%22%2C%22filename%22%3A%22app%2Factions%2Fareas.ts%22%7D%5D%5D%5D&__client_imported__=true! @ webpack-internal:///(app-pages-browser)/../../node_modules/.bun/next@15.5.14+bf16f8eded5e12ee/node_modules/next/dist/next-devtools/userspace/app/errors/intercept-console-error.js:56
