[2m23:57:24.187[0m  [33mWARN [0m  [1msystem.warning[0m  [2mmessage="test warn"[0m
[2m23:57:24.187[0m  [31mERROR[0m  [1msystem.warning[0m  [2mmethod="POST"  path="/api/rag/generate"  status=500[0m
[2m23:57:24.186[0m  [32mINFO [0m  [1msystem.warning[0m  [2mmessage="test info"[0m
[2m23:57:24.187[0m  [31mERROR[0m  [1msystem.error[0m  [2merror="Something went wrong"[0m
[2m23:57:24.187[0m  [32mINFO [0m  [1mauth.login[0m  [2memail="test@example.com"[0m
[2m23:57:24.187[0m  [35mFATAL[0m  [1msystem.error[0m  [2merror="fatal error"[0m
[2m23:57:24.187[0m  [32mINFO [0m  [1msystem.warning[0m  [2mmethod="GET"  path="/api/health"  status=200[0m
[2m23:57:24.187[0m  [36mDEBUG[0m  [1msystem.warning[0m  [2mdetail="debug info"[0m
[2m23:57:29.231[0m  [33mWARN [0m  [1msystem.warning[0m  [2mmessage="test warn"[0m
[2m23:57:29.231[0m  [32mINFO [0m  [1msystem.warning[0m  [2mmethod="GET"  path="/api/health"  status=200[0m
[2m23:57:29.231[0m  [35mFATAL[0m  [1msystem.error[0m  [2merror="fatal error"[0m
[2m23:57:29.231[0m  [36mDEBUG[0m  [1msystem.warning[0m  [2mdetail="debug info"[0m
[2m23:57:29.231[0m  [31mERROR[0m  [1msystem.error[0m  [2merror="test error"[0m
[2m23:57:29.231[0m  [31mERROR[0m  [1msystem.error[0m  [2merror="Something went wrong"[0m
[2m23:57:29.231[0m  [32mINFO [0m  [1msystem.warning[0m  [2mmessage="test info"[0m
[2m23:57:29.231[0m  [32mINFO [0m  [1mauth.login[0m  [2memail="test@example.com"[0m
[2m23:57:29.231[0m  [31mERROR[0m  [1msystem.warning[0m  [2mmethod="POST"  path="/api/rag/generate"  status=500[0m
[2m00:08:59.406[0m  [33mWARN [0m  [1msystem.warning[0m  [2mmessage="test warn"[0m
[2m00:36:36.807[0m  [33mWARN [0m  [1msystem.warning[0m  [2mmessage="test warn"[0m
[2m00:36:36.807[0m  [31mERROR[0m  [1msystem.error[0m  [2merror="test error"[0m
[2m00:36:36.809[0m  [32mINFO [0m  [1mauth.login[0m  [2memail="test@example.com"[0m
[2m00:36:36.803[0m  [32mINFO [0m  [1msystem.warning[0m  [2mmessage="test info"[0m
[2m00:36:36.810[0m  [31mERROR[0m  [1msystem.error[0m  [2merror="Something went wrong"[0m
[2m00:36:36.808[0m  [32mINFO [0m  [1msystem.warning[0m  [2mmethod="GET"  path="/api/health"  status=200[0m
[2m00:36:36.809[0m  [31mERROR[0m  [1msystem.warning[0m  [2mmethod="POST"  path="/api/rag/generate"  status=500[0m
[2m00:36:36.808[0m  [35mFATAL[0m  [1msystem.error[0m  [2merror="fatal error"[0m
[2m00:36:36.808[0m  [36mDEBUG[0m  [1msystem.warning[0m  [2mdetail="debug info"[0m
[2m00:39:33.272[0m  [33mWARN [0m  [1msystem.warning[0m  [2mmessage="test warn"[0m
[2m00:39:33.272[0m  [36mDEBUG[0m  [1msystem.warning[0m  [2mdetail="debug info"[0m
[2m00:39:33.272[0m  [31mERROR[0m  [1msystem.error[0m  [2merror="test error"[0m
[2m00:39:33.272[0m  [32mINFO [0m  [1mauth.login[0m  [2memail="test@example.com"[0m
[2m00:39:33.271[0m  [32mINFO [0m  [1msystem.warning[0m  [2mmessage="test info"[0m
[2m00:39:33.272[0m  [31mERROR[0m  [1msystem.error[0m  [2merror="Something went wrong"[0m
[2m00:39:33.272[0m  [31mERROR[0m  [1msystem.warning[0m  [2mmethod="POST"  path="/api/rag/generate"  status=500[0m
[2m00:39:33.272[0m  [32mINFO [0m  [1msystem.warning[0m  [2mmethod="GET"  path="/api/health"  status=200[0m
[2m01:18:16.927[0m  [32mINFO [0m  [1mauth.login[0m  [2muser=1[0m  [2memail="admin@localhost"  role="admin"  duration=72[0m
[2m01:18:17.241[0m  [32mINFO [0m  [1muser.created[0m  [2memail="bbtest-final@localhost"  role="user"[0m
[2m01:18:17.621[0m  [32mINFO [0m  [1madmin.config_changed[0m  [2mchanges={"temperature":0.7}[0m
[2m01:20:39.486[0m  [32mINFO [0m  [1mauth.login[0m  [2muser=1[0m  [2memail="admin@localhost"  role="admin"  duration=65[0m
[2m01:20:39.811[0m  [32mINFO [0m  [1muser.created[0m  [2memail="bb-test@localhost"  role="user"[0m
[2m01:20:40.163[0m  [32mINFO [0m  [1madmin.config_changed[0m  [2mchanges={"temperature":0.4}[0m
[2m01:20:40.455[0m  [32mINFO [0m  [1mrag.stream_started[0m  [2muser=1[0m  [2mcollection=undefined  crossdoc=false[0m
[2m01:20:40.458[0m  [32mINFO [0m  [1mrag.stream_completed[0m  [2muser=1[0m  [2mcollection=undefined  duration=4[0m
[2m01:20:41.563[0m  [32mINFO [0m  [1muser.updated[0m  [2mtargetUserId=9  changes={"role":"area_manager"}[0m
[2m01:20:41.883[0m  [32mINFO [0m  [1madmin.config_changed[0m  [2mreset=true[0m
[2m01:20:41.942[0m  [32mINFO [0m  [1muser.deleted[0m  [2mtargetUserId=9[0m
[2m01:20:42.185[0m  [32mINFO [0m  [1mauth.logout[0m  [2muser=1[0m  [2memail="admin@localhost"[0m
[2m01:24:00.925[0m  [32mINFO [0m  [1mauth.login[0m  [2muser=1[0m  [2memail="admin@localhost"  role="admin"  duration=84[0m
[2m01:24:01.050[0m  [33mWARN [0m  [1mauth.failed[0m  [2memail="user@localhost"  reason="invalid_credentials"[0m
[2m01:24:14.565[0m  [33mWARN [0m  [1mauth.failed[0m  [2memail="user@localhost"  reason="invalid_credentials"[0m
[2m01:24:14.948[0m  [32mINFO [0m  [1mauth.login[0m  [2muser=6[0m  [2memail="blackbox2@localhost"  role="area_manager"  duration=58[0m
[2m01:24:28.925[0m  [32mINFO [0m  [1muser.created[0m  [2memail="rbac-user@localhost"  role="user"[0m
[2m01:24:29.023[0m  [32mINFO [0m  [1muser.created[0m  [2memail="rbac-manager@localhost"  role="area_manager"[0m
[2m01:24:29.119[0m  [32mINFO [0m  [1mauth.login[0m  [2muser=10[0m  [2memail="rbac-user@localhost"  role="user"  duration=56[0m
[2m01:24:29.209[0m  [32mINFO [0m  [1mauth.login[0m  [2muser=11[0m  [2memail="rbac-manager@localhost"  role="area_manager"  duration=57[0m
[2m01:24:55.453[0m  [32mINFO [0m  [1mauth.login[0m  [2muser=10[0m  [2memail="rbac-user@localhost"  role="user"  duration=63[0m
[2m01:25:03.576[0m  [32mINFO [0m  [1mauth.login[0m  [2muser=11[0m  [2memail="rbac-manager@localhost"  role="area_manager"  duration=54[0m
[2m01:25:15.854[0m  [32mINFO [0m  [1muser.updated[0m  [2mtargetUserId=10  changes={"active":false}[0m
[2m01:25:15.904[0m  [33mWARN [0m  [1mauth.failed[0m  [2memail="rbac-user@localhost"  reason="invalid_credentials"[0m
[2m01:25:16.247[0m  [32mINFO [0m  [1muser.updated[0m  [2mtargetUserId=10  changes={"active":true}[0m
[2m01:25:56.412[0m  [32mINFO [0m  [1muser.updated[0m  [2mtargetUserId=10  changes={"active":false}[0m
[2m01:25:56.470[0m  [33mWARN [0m  [1mauth.failed[0m  [2memail="rbac-user@localhost"  reason="account_inactive"  userId=10[0m
[2m01:25:56.536[0m  [32mINFO [0m  [1muser.updated[0m  [2mtargetUserId=10  changes={"active":true}[0m
[2m01:27:25.109[0m  [32mINFO [0m  [1mauth.login[0m  [2muser=1[0m  [2memail="admin@localhost"  role="admin"  duration=66[0m
[2m01:27:25.245[0m  [32mINFO [0m  [1mauth.login[0m  [2muser=1[0m  [2memail="admin@localhost"  role="admin"  duration=59[0m
[2m01:27:25.488[0m  [32mINFO [0m  [1mrag.stream_started[0m  [2muser=1[0m  [2mcollection=undefined  crossdoc=false[0m
[2m01:27:25.490[0m  [32mINFO [0m  [1mrag.stream_completed[0m  [2muser=1[0m  [2mcollection=undefined  duration=3[0m
[2m01:27:34.340[0m  [32mINFO [0m  [1muser.area_assigned[0m  [2mareaName="Legales"[0m
[2m01:28:10.781[0m  [32mINFO [0m  [1muser.created[0m  [2memail="legales@localhost"  role="user"[0m
[2m01:28:40.017[0m  [32mINFO [0m  [1mauth.login[0m  [2muser=1[0m  [2memail="admin@localhost"  role="admin"  duration=77[0m
[2m01:28:40.193[0m  [32mINFO [0m  [1mauth.logout[0m  [2muser=1[0m  [2memail="admin@localhost"[0m
[2m01:28:40.292[0m  [32mINFO [0m  [1mauth.login[0m  [2muser=12[0m  [2memail="legales@localhost"  role="user"  duration=61[0m
[2m01:28:52.289[0m  [32mINFO [0m  [1mauth.login[0m  [2muser=1[0m  [2memail="admin@localhost"  role="admin"  duration=71[0m
[2m01:28:52.630[0m  [32mINFO [0m  [1mingestion.started[0m  [2muser=1[0m  [2mjobId="eca09aed-1ecc-4262-b1ee-8413f5ef9471"  filename="e2e-test.pdf"  collection="tecpia"[0m
[2m01:29:04.273[0m  [32mINFO [0m  [1mauth.login[0m  [2muser=1[0m  [2memail="admin@localhost"  role="admin"  duration=72[0m
[2m01:29:04.473[0m  [32mINFO [0m  [1mrag.stream_started[0m  [2muser=1[0m  [2mcollection=undefined  crossdoc=false[0m
[2m01:29:04.475[0m  [32mINFO [0m  [1mrag.stream_completed[0m  [2muser=1[0m  [2mcollection=undefined  duration=3[0m
[2m01:29:04.799[0m  [33mWARN [0m  [1mrag.error[0m  [2muser=1[0m  [2mreason="forbidden"  collection="coleccion-inexistente"[0m
[2m01:29:04.835[0m  [32mINFO [0m  [1mauth.logout[0m  [2muser=1[0m  [2memail="admin@localhost"[0m
[2m01:33:09.208[0m  [32mINFO [0m  [1mauth.logout[0m  [2muser=1[0m  [2memail="admin@localhost"[0m
[2m01:33:11.321[0m  [33mWARN [0m  [1mauth.failed[0m  [2memail="testfase3@localhost"  reason="invalid_credentials"[0m
[2m01:33:15.807[0m  [33mWARN [0m  [1mauth.failed[0m  [2memail="testfase3@localhost"  reason="invalid_credentials"[0m
[2m01:33:21.011[0m  [32mINFO [0m  [1mauth.login[0m  [2muser=1[0m  [2memail="admin@localhost"  role="admin"  duration=68[0m
[2m01:43:11.996[0m  [31mERROR[0m  [1msystem.warning[0m  [2mmethod="POST"  path="/api/rag/generate"  status=500[0m
[2m01:43:11.994[0m  [36mDEBUG[0m  [1msystem.warning[0m  [2mdetail="debug info"[0m
[2m01:43:11.997[0m  [31mERROR[0m  [1msystem.error[0m  [2merror="Something went wrong"[0m
[2m01:43:11.997[0m  [32mINFO [0m  [1mauth.login[0m  [2memail="test@example.com"[0m
[2m01:43:11.995[0m  [32mINFO [0m  [1msystem.warning[0m  [2mmethod="GET"  path="/api/health"  status=200[0m
[2m01:43:11.993[0m  [31mERROR[0m  [1msystem.error[0m  [2merror="test error"[0m
[2m01:43:11.988[0m  [32mINFO [0m  [1msystem.warning[0m  [2mmessage="test info"[0m
[2m01:43:11.992[0m  [33mWARN [0m  [1msystem.warning[0m  [2mmessage="test warn"[0m
[2m01:43:11.995[0m  [35mFATAL[0m  [1msystem.error[0m  [2merror="fatal error"[0m
[2m02:12:01.528[0m  [33mWARN [0m  [1msystem.warning[0m  [2mmessage="test warn"[0m
[2m03:33:03.253[0m  [33mWARN [0m  [1msystem.warning[0m  [2mmessage="test warn"[0m
[2m03:33:03.249[0m  [32mINFO [0m  [1msystem.warning[0m  [2mmessage="test info"[0m
[2m03:33:03.258[0m  [32mINFO [0m  [1mauth.login[0m  [2memail="test@example.com"[0m
[2m03:33:03.258[0m  [31mERROR[0m  [1msystem.error[0m  [2merror="Something went wrong"[0m
[2m03:33:03.255[0m  [36mDEBUG[0m  [1msystem.warning[0m  [2mdetail="debug info"[0m
[2m03:33:03.256[0m  [35mFATAL[0m  [1msystem.error[0m  [2merror="fatal error"[0m
[2m03:33:03.257[0m  [31mERROR[0m  [1msystem.warning[0m  [2mmethod="POST"  path="/api/rag/generate"  status=500[0m
[2m03:33:03.254[0m  [31mERROR[0m  [1msystem.error[0m  [2merror="test error"[0m
[2m03:33:03.257[0m  [32mINFO [0m  [1msystem.warning[0m  [2mmethod="GET"  path="/api/health"  status=200[0m
[2m01:44:22.249[0m  [33mWARN [0m  [1msystem.warning[0m  [2mmessage="test warn"[0m
[2m01:44:22.252[0m  [31mERROR[0m  [1msystem.warning[0m  [2mmethod="POST"  path="/api/rag/generate"  status=500[0m
[2m01:44:22.253[0m  [31mERROR[0m  [1msystem.error[0m  [2merror="Something went wrong"[0m
[2m01:44:22.253[0m  [32mINFO [0m  [1mauth.login[0m  [2memail="test@example.com"[0m
[2m01:44:22.244[0m  [32mINFO [0m  [1msystem.warning[0m  [2mmessage="test info"[0m
[2m01:44:22.251[0m  [35mFATAL[0m  [1msystem.error[0m  [2merror="fatal error"[0m
[2m01:44:22.252[0m  [32mINFO [0m  [1msystem.warning[0m  [2mmethod="GET"  path="/api/health"  status=200[0m
[2m01:44:22.251[0m  [36mDEBUG[0m  [1msystem.warning[0m  [2mdetail="debug info"[0m
[2m01:44:22.250[0m  [31mERROR[0m  [1msystem.error[0m  [2merror="test error"[0m
[2m02:24:40.867[0m  [33mWARN [0m  [1msystem.warning[0m  [2mmessage="test warn"[0m
[2m02:24:40.870[0m  [31mERROR[0m  [1msystem.warning[0m  [2mmethod="POST"  path="/api/rag/generate"  status=500[0m
[2m02:24:40.869[0m  [35mFATAL[0m  [1msystem.error[0m  [2merror="fatal error"[0m
[2m02:24:40.871[0m  [31mERROR[0m  [1msystem.error[0m  [2merror="Something went wrong"[0m
[2m02:24:40.869[0m  [32mINFO [0m  [1msystem.warning[0m  [2mmethod="GET"  path="/api/health"  status=200[0m
[2m02:24:40.868[0m  [36mDEBUG[0m  [1msystem.warning[0m  [2mdetail="debug info"[0m
[2m02:24:40.867[0m  [31mERROR[0m  [1msystem.error[0m  [2merror="test error"[0m
[2m02:24:40.870[0m  [32mINFO [0m  [1mauth.login[0m  [2memail="test@example.com"[0m
[2m02:24:40.851[0m  [32mINFO [0m  [1msystem.warning[0m  [2mmessage="test info"[0m
